<?xml version="1.0" encoding="UTF-8"?>
<!-- Generated by org.testng.reporters.JUnitReportReporter -->
<testsuite hostname="LAPTOP-FCHV3GMA" failures="0" tests="1" name="test.FinalTest" time="18.871" errors="0" timestamp="04 Feb 2022 18:28:55 GMT" skipped="0">
  <testcase classname="test.FinalTest" name="autoInsTest" time="18.871"/>
</testsuite> <!-- test.FinalTest -->
