<?xml version="1.0" encoding="UTF-8"?>
<!-- Generated by org.testng.reporters.JUnitReportReporter -->
<testsuite hostname="LAPTOP-FCHV3GMA" failures="0" tests="1" name="test.FinalTest" time="30.166" errors="0" timestamp="09 Feb 2022 21:18:16 GMT" skipped="0">
  <testcase classname="test.FinalTest" name="autoInsTest" time="30.166"/>
</testsuite> <!-- test.FinalTest -->
