<?xml version="1.0" encoding="UTF-8"?>
<!-- Generated by org.testng.reporters.JUnitReportReporter -->
<testsuite hostname="LAPTOP-FCHV3GMA" failures="0" tests="1" name="test.UpdateCreditCardTest" time="24.019" errors="0" timestamp="09 Feb 2022 21:18:16 GMT" skipped="0">
  <testcase classname="test.UpdateCreditCardTest" name="test" time="24.019"/>
</testsuite> <!-- test.UpdateCreditCardTest -->
