<?xml version="1.0" encoding="UTF-8"?>
<!-- Generated by org.testng.reporters.JUnitReportReporter -->
<testsuite hostname="LAPTOP-FCHV3GMA" failures="0" tests="1" name="test.FinalTest" time="12.843" errors="0" timestamp="06 Feb 2022 03:39:10 GMT" skipped="0">
  <testcase classname="test.FinalTest" name="autoInsTest" time="12.843"/>
</testsuite> <!-- test.FinalTest -->
