<?xml version="1.0" encoding="UTF-8"?>
<!-- Generated by org.testng.reporters.JUnitReportReporter -->
<testsuite hostname="LAPTOP-FCHV3GMA" failures="0" tests="1" name="test.UpdateCreditCardTest" time="27.990" errors="0" timestamp="07 Feb 2022 03:33:13 GMT" skipped="0">
  <testcase classname="test.UpdateCreditCardTest" name="test" time="27.990"/>
</testsuite> <!-- test.UpdateCreditCardTest -->
